<?xml version="1.0" encoding="UTF-8"?>
<testsuite xmlns:xsi="http://www.w3.org/2001/XMLSchema-instance" xsi:noNamespaceSchemaLocation="https://maven.apache.org/surefire/maven-surefire-plugin/xsd/surefire-test-report-3.0.xsd" version="3.0" name="MainTest" time="0.065" tests="6" errors="0" skipped="0" failures="0">
  <properties>
[...]
</properties>
  <testcase name="testFibonacciWithZero" classname="MainTest" time="0.006"/>
  <testcase name="testFibonacci" classname="MainTest" time="0.0"/>
  <testcase name="testFibonacciWithOne" classname="MainTest" time="0.0"/>
  <testcase name="testFibonacciWithNegativeNumber" classname="MainTest" time="0.0"/>
  <testcase name="testFibonacciWithPositiveNumber" classname="MainTest" time="0.0"/>
  <testcase name="testFibonacciWithLargeNumber" classname="MainTest" time="0.0"/>
</testsuite>